<?xml version="1.0" encoding="UTF-8"?>
<!-- Generated by org.testng.reporters.JUnitReportReporter -->
<testsuite skipped="0" hostname="Nikola-PC" name="tests.TravelCustomerTest" tests="2" failures="0" timestamp="2019-12-13T23:47:37 CET" time="35.082" errors="0">
  <testcase name="loginTest" time="12.463" classname="tests.TravelCustomerTest"/>
  <testcase name="editInfoTest" time="22.619" classname="tests.TravelCustomerTest"/>
</testsuite> <!-- tests.TravelCustomerTest -->
