<?xml version="1.0" encoding="UTF-8"?>
<!-- Generated by org.testng.reporters.JUnitReportReporter -->
<testsuite skipped="0" hostname="Nikola-PC" name="tests.TravelCarsTest" tests="2" failures="0" timestamp="2019-12-13T23:37:40 CET" time="26.819" errors="0">
  <testcase name="basicLogin" time="11.851" classname="tests.TravelCarsTest"/>
  <testcase name="basicCars" time="14.968" classname="tests.TravelCarsTest"/>
</testsuite> <!-- tests.TravelCarsTest -->
